-------------------------------------------------------------------------------
Test set: com.alextestdemo.testdemo.RelatedProductsControllerIntegrationTest
-------------------------------------------------------------------------------
Tests run: 1, Failures: 0, Errors: 1, Skipped: 0, Time elapsed: 0.406 s <<< FAILURE! - in com.alextestdemo.testdemo.RelatedProductsControllerIntegrationTest
givenEmployees_whenGetEmployees_thenStatus200(com.alextestdemo.testdemo.RelatedProductsControllerIntegrationTest)  Time elapsed: 0.001 s  <<< ERROR!
java.lang.IllegalStateException: Failed to load ApplicationContext
Caused by: java.lang.IllegalStateException: Failed to add PropertySource to Environment
Caused by: java.io.FileNotFoundException: class path resource [application-integrationtest.properties] cannot be opened because it does not exist

