<?xml version="1.0" encoding="UTF-8"?>
<testsuite xmlns:xsi="http://www.w3.org/2001/XMLSchema-instance" xsi:noNamespaceSchemaLocation="https://maven.apache.org/surefire/maven-surefire-plugin/xsd/surefire-test-report.xsd" name="com.alextestdemo.testdemo.RelatedProductsControllerTest" time="2.376" tests="2" errors="2" skipped="0" failures="0">
  <properties>
[...]
</properties>
  <testcase name="getProductsAssociated" classname="com.alextestdemo.testdemo.RelatedProductsControllerTest" time="0.095">
    <error type="java.lang.NullPointerException">java.lang.NullPointerException
	at com.alextestdemo.testdemo.RelatedProductsControllerTest.getProductsAssociated(RelatedProductsControllerTest.java:92)
</error>
  </testcase>
  <testcase name="givenAnIDGetProductAssociationsStatus200" classname="com.alextestdemo.testdemo.RelatedProductsControllerTest" time="2.274">
    <error message="I/O error on GET request for &quot;http://localhost:5000/product/1/similar&quot;: Connection refused: connect; nested exception is java.net.ConnectException: Connection refused: connect" type="org.springframework.web.client.ResourceAccessException">org.springframework.web.client.ResourceAccessException: I/O error on GET request for "http://localhost:5000/product/1/similar": Connection refused: connect; nested exception is java.net.ConnectException: Connection refused: connect
	at com.alextestdemo.testdemo.RelatedProductsControllerTest.givenAnIDGetProductAssociationsStatus200(RelatedProductsControllerTest.java:65)
Caused by: java.net.ConnectException: Connection refused: connect
	at com.alextestdemo.testdemo.RelatedProductsControllerTest.givenAnIDGetProductAssociationsStatus200(RelatedProductsControllerTest.java:65)
</error>
    <system-out><![CDATA[12:31:17.258 [main] DEBUG org.springframework.web.client.RestTemplate - Created GET request for "http://localhost:5000/product/1/similar"
12:31:17.283 [main] DEBUG org.springframework.web.client.RestTemplate - Setting request Accept header to [application/json, application/*+json]
]]></system-out>
  </testcase>
</testsuite>