<?xml version="1.0" encoding="UTF-8"?>
<testsuite xmlns:xsi="http://www.w3.org/2001/XMLSchema-instance" xsi:noNamespaceSchemaLocation="https://maven.apache.org/surefire/maven-surefire-plugin/xsd/surefire-test-report.xsd" name="com.alextestdemo.testdemo.RelatedProductsControllerIntegrationTest" time="0.406" tests="1" errors="1" skipped="0" failures="0">
  <properties>
[...]
</properties>
  <testcase name="givenEmployees_whenGetEmployees_thenStatus200" classname="com.alextestdemo.testdemo.RelatedProductsControllerIntegrationTest" time="0.001">
    <error message="Failed to load ApplicationContext" type="java.lang.IllegalStateException">java.lang.IllegalStateException: Failed to load ApplicationContext
Caused by: java.lang.IllegalStateException: Failed to add PropertySource to Environment
Caused by: java.io.FileNotFoundException: class path resource [application-integrationtest.properties] cannot be opened because it does not exist
</error>
    <system-out><![CDATA[20:39:40.058 [main] DEBUG org.springframework.test.context.junit4.SpringJUnit4ClassRunner - SpringJUnit4ClassRunner constructor called with [class com.alextestdemo.testdemo.RelatedProductsControllerIntegrationTest]
20:39:40.063 [main] DEBUG org.springframework.test.context.BootstrapUtils - Instantiating CacheAwareContextLoaderDelegate from class [org.springframework.test.context.cache.DefaultCacheAwareContextLoaderDelegate]
20:39:40.069 [main] DEBUG org.springframework.test.context.BootstrapUtils - Instantiating BootstrapContext using constructor [public org.springframework.test.context.support.DefaultBootstrapContext(java.lang.Class,org.springframework.test.context.CacheAwareContextLoaderDelegate)]
20:39:40.086 [main] DEBUG org.springframework.test.context.BootstrapUtils - Instantiating TestContextBootstrapper for test class [com.alextestdemo.testdemo.RelatedProductsControllerIntegrationTest] from class [org.springframework.boot.test.context.SpringBootTestContextBootstrapper]
20:39:40.096 [main] INFO org.springframework.boot.test.context.SpringBootTestContextBootstrapper - Neither @ContextConfiguration nor @ContextHierarchy found for test class [com.alextestdemo.testdemo.RelatedProductsControllerIntegrationTest], using SpringBootContextLoader
20:39:40.099 [main] DEBUG org.springframework.test.context.support.AbstractContextLoader - Did not detect default resource location for test class [com.alextestdemo.testdemo.RelatedProductsControllerIntegrationTest]: class path resource [com/alextestdemo/testdemo/RelatedProductsControllerIntegrationTest-context.xml] does not exist
20:39:40.100 [main] DEBUG org.springframework.test.context.support.AbstractContextLoader - Did not detect default resource location for test class [com.alextestdemo.testdemo.RelatedProductsControllerIntegrationTest]: class path resource [com/alextestdemo/testdemo/RelatedProductsControllerIntegrationTestContext.groovy] does not exist
20:39:40.100 [main] INFO org.springframework.test.context.support.AbstractContextLoader - Could not detect default resource locations for test class [com.alextestdemo.testdemo.RelatedProductsControllerIntegrationTest]: no resource found for suffixes {-context.xml, Context.groovy}.
20:39:40.137 [main] DEBUG org.springframework.test.context.support.ActiveProfilesUtils - Could not find an 'annotation declaring class' for annotation type [org.springframework.test.context.ActiveProfiles] and class [com.alextestdemo.testdemo.RelatedProductsControllerIntegrationTest]
20:39:40.239 [main] DEBUG org.springframework.boot.test.context.SpringBootTestContextBootstrapper - @TestExecutionListeners is not present for class [com.alextestdemo.testdemo.RelatedProductsControllerIntegrationTest]: using defaults.
20:39:40.239 [main] INFO org.springframework.boot.test.context.SpringBootTestContextBootstrapper - Loaded default TestExecutionListener class names from location [META-INF/spring.factories]: [org.springframework.boot.test.mock.mockito.MockitoTestExecutionListener, org.springframework.boot.test.mock.mockito.ResetMocksTestExecutionListener, org.springframework.boot.test.autoconfigure.restdocs.RestDocsTestExecutionListener, org.springframework.boot.test.autoconfigure.web.client.MockRestServiceServerResetTestExecutionListener, org.springframework.boot.test.autoconfigure.web.servlet.MockMvcPrintOnlyOnFailureTestExecutionListener, org.springframework.boot.test.autoconfigure.web.servlet.WebDriverTestExecutionListener, org.springframework.test.context.web.ServletTestExecutionListener, org.springframework.test.context.support.DirtiesContextBeforeModesTestExecutionListener, org.springframework.test.context.support.DependencyInjectionTestExecutionListener, org.springframework.test.context.support.DirtiesContextTestExecutionListener, org.springframework.test.context.transaction.TransactionalTestExecutionListener, org.springframework.test.context.jdbc.SqlScriptsTestExecutionListener]
20:39:40.249 [main] DEBUG org.springframework.boot.test.context.SpringBootTestContextBootstrapper - Skipping candidate TestExecutionListener [org.springframework.test.context.transaction.TransactionalTestExecutionListener] due to a missing dependency. Specify custom listener classes or make the default listener classes and their required dependencies available. Offending class: [org/springframework/transaction/interceptor/TransactionAttributeSource]
20:39:40.249 [main] DEBUG org.springframework.boot.test.context.SpringBootTestContextBootstrapper - Skipping candidate TestExecutionListener [org.springframework.test.context.jdbc.SqlScriptsTestExecutionListener] due to a missing dependency. Specify custom listener classes or make the default listener classes and their required dependencies available. Offending class: [org/springframework/transaction/interceptor/TransactionAttribute]
20:39:40.249 [main] INFO org.springframework.boot.test.context.SpringBootTestContextBootstrapper - Using TestExecutionListeners: [org.springframework.test.context.web.ServletTestExecutionListener@35d019a3, org.springframework.test.context.support.DirtiesContextBeforeModesTestExecutionListener@689604d9, org.springframework.boot.test.mock.mockito.MockitoTestExecutionListener@18078bef, org.springframework.boot.test.autoconfigure.SpringBootDependencyInjectionTestExecutionListener@799f10e1, org.springframework.test.context.support.DirtiesContextTestExecutionListener@4c371370, org.springframework.boot.test.mock.mockito.ResetMocksTestExecutionListener@145f66e3, org.springframework.boot.test.autoconfigure.restdocs.RestDocsTestExecutionListener@3023df74, org.springframework.boot.test.autoconfigure.web.client.MockRestServiceServerResetTestExecutionListener@313ac989, org.springframework.boot.test.autoconfigure.web.servlet.MockMvcPrintOnlyOnFailureTestExecutionListener@4562e04d, org.springframework.boot.test.autoconfigure.web.servlet.WebDriverTestExecutionListener@2a65fe7c]
20:39:40.251 [main] DEBUG org.springframework.test.annotation.ProfileValueUtils - Retrieved @ProfileValueSourceConfiguration [null] for test class [com.alextestdemo.testdemo.RelatedProductsControllerIntegrationTest]
20:39:40.251 [main] DEBUG org.springframework.test.annotation.ProfileValueUtils - Retrieved ProfileValueSource type [class org.springframework.test.annotation.SystemProfileValueSource] for class [com.alextestdemo.testdemo.RelatedProductsControllerIntegrationTest]
20:39:40.252 [main] DEBUG org.springframework.test.annotation.ProfileValueUtils - Retrieved @ProfileValueSourceConfiguration [null] for test class [com.alextestdemo.testdemo.RelatedProductsControllerIntegrationTest]
20:39:40.252 [main] DEBUG org.springframework.test.annotation.ProfileValueUtils - Retrieved ProfileValueSource type [class org.springframework.test.annotation.SystemProfileValueSource] for class [com.alextestdemo.testdemo.RelatedProductsControllerIntegrationTest]
20:39:40.252 [main] DEBUG org.springframework.test.annotation.ProfileValueUtils - Retrieved @ProfileValueSourceConfiguration [null] for test class [com.alextestdemo.testdemo.RelatedProductsControllerIntegrationTest]
20:39:40.253 [main] DEBUG org.springframework.test.annotation.ProfileValueUtils - Retrieved ProfileValueSource type [class org.springframework.test.annotation.SystemProfileValueSource] for class [com.alextestdemo.testdemo.RelatedProductsControllerIntegrationTest]
20:39:40.256 [main] DEBUG org.springframework.test.context.support.AbstractDirtiesContextTestExecutionListener - Before test class: context [DefaultTestContext@7b98f307 testClass = RelatedProductsControllerIntegrationTest, testInstance = [null], testMethod = [null], testException = [null], mergedContextConfiguration = [WebMergedContextConfiguration@4802796d testClass = RelatedProductsControllerIntegrationTest, locations = '{}', classes = '{class com.alextestdemo.testdemo.TestdemoApplication, class com.alextestdemo.testdemo.TestdemoApplication}', contextInitializerClasses = '[]', activeProfiles = '{}', propertySourceLocations = '{classpath:application-integrationtest.properties}', propertySourceProperties = '{org.springframework.boot.test.context.SpringBootTestContextBootstrapper=true}', contextCustomizers = set[[ImportsContextCustomizer@34123d65 key = [org.springframework.boot.test.autoconfigure.web.servlet.MockMvcAutoConfiguration, org.springframework.boot.test.autoconfigure.web.servlet.MockMvcSecurityAutoConfiguration, org.springframework.boot.test.autoconfigure.web.servlet.MockMvcWebClientAutoConfiguration, org.springframework.boot.test.autoconfigure.web.servlet.MockMvcWebDriverAutoConfiguration]], org.springframework.boot.test.context.filter.ExcludeFilterContextCustomizer@1ad282e0, org.springframework.boot.test.json.DuplicateJsonObjectContextCustomizerFactory$DuplicateJsonObjectContextCustomizer@5e955596, org.springframework.boot.test.mock.mockito.MockitoContextCustomizer@0, org.springframework.boot.test.web.client.TestRestTemplateContextCustomizer@46238e3f, org.springframework.boot.test.autoconfigure.properties.PropertyMappingContextCustomizer@e7e8512, org.springframework.boot.test.autoconfigure.web.servlet.WebDriverContextCustomizerFactory$Customizer@32a068d1], resourceBasePath = 'src/main/webapp', contextLoader = 'org.springframework.boot.test.context.SpringBootContextLoader', parent = [null]], attributes = map['org.springframework.test.context.web.ServletTestExecutionListener.activateListener' -> true]], class annotated with @DirtiesContext [false] with mode [null].
20:39:40.257 [main] DEBUG org.springframework.test.annotation.ProfileValueUtils - Retrieved @ProfileValueSourceConfiguration [null] for test class [com.alextestdemo.testdemo.RelatedProductsControllerIntegrationTest]
20:39:40.257 [main] DEBUG org.springframework.test.annotation.ProfileValueUtils - Retrieved ProfileValueSource type [class org.springframework.test.annotation.SystemProfileValueSource] for class [com.alextestdemo.testdemo.RelatedProductsControllerIntegrationTest]
20:39:40.273 [main] DEBUG org.springframework.core.env.StandardEnvironment - Adding PropertySource 'systemProperties' with lowest search precedence
20:39:40.273 [main] DEBUG org.springframework.core.env.StandardEnvironment - Adding PropertySource 'systemEnvironment' with lowest search precedence
20:39:40.274 [main] DEBUG org.springframework.core.env.StandardEnvironment - Initialized StandardEnvironment with PropertySources [MapPropertySource@1309176095 {name='systemProperties', properties={java.runtime.name=Java(TM) SE Runtime Environment, sun.boot.library.path=C:\Program Files\Java\jdk1.8.0_202\jre\bin, java.vm.version=25.202-b08, java.vm.vendor=Oracle Corporation, java.vendor.url=http://java.oracle.com/, path.separator=;, java.vm.name=Java HotSpot(TM) 64-Bit Server VM, file.encoding.pkg=sun.io, user.country=US, user.script=, sun.java.launcher=SUN_STANDARD, sun.os.patch.level=, java.vm.specification.name=Java Virtual Machine Specification, user.dir=C:\Users\alex.jimenez\Documents\Git\testdemo, java.runtime.version=1.8.0_202-b08, basedir=C:\Users\alex.jimenez\Documents\Git\testdemo, java.awt.graphicsenv=sun.awt.Win32GraphicsEnvironment, java.endorsed.dirs=C:\Program Files\Java\jdk1.8.0_202\jre\lib\endorsed, os.arch=amd64, surefire.real.class.path=C:\Users\ALEX~1.JIM\AppData\Local\Temp\surefire3158083978730901493\surefirebooter5150970476560550058.jar, java.io.tmpdir=C:\Users\ALEX~1.JIM\AppData\Local\Temp\, line.separator=
, java.vm.specification.vendor=Oracle Corporation, user.variant=, os.name=Windows 10, sun.jnu.encoding=Cp1252, java.library.path=C:\Program Files\Java\jdk1.8.0_202\jre\bin;C:\Windows\Sun\Java\bin;C:\Windows\system32;C:\Windows;C:\Program Files\Common Files\Oracle\Java\javapath;C:\Program Files (x86)\Common Files\Oracle\Java\javapath;C:\Windows\system32;C:\Windows;C:\Windows\System32\Wbem;C:\Windows\System32\WindowsPowerShell\v1.0\;C:\Windows\System32\OpenSSH\;C:\Program Files\dotnet\;C:\Program Files\Git\cmd;C:\Program Files\apache-maven-3.8.6\bin;C:\Program Files\Java\jdk1.8.0_202\bin;C:\Program Files\PuTTY\;C:\Program Files\nodejs\;C:\Program Files\Docker\Docker\resources\bin;C:\Users\alex.jimenez\AppData\Local\Microsoft\WindowsApps;C:\Program Files\JetBrains\IntelliJ IDEA 2022.2.2\bin;;C:\Users\alex.jimenez\AppData\Local\Programs\Microsoft VS Code\bin;C:\Program Files\apache-maven-3.8.6\bin;C:\Program Files\Java\jdk1.8.0_202\bin;C:\Users\alex.jimenez\AppData\Roaming\npm;C:\Program Files\JetBrains\IntelliJ IDEA Community Edition 2023.1.2\bin;;., surefire.test.class.path=C:\Users\alex.jimenez\Documents\Git\testdemo\target\test-classes;C:\Users\alex.jimenez\Documents\Git\testdemo\target\classes;C:\Users\alex.jimenez\.m2\repository\org\springframework\boot\spring-boot-starter-web\2.0.0.RELEASE\spring-boot-starter-web-2.0.0.RELEASE.jar;C:\Users\alex.jimenez\.m2\repository\org\springframework\boot\spring-boot-starter\2.0.0.RELEASE\spring-boot-starter-2.0.0.RELEASE.jar;C:\Users\alex.jimenez\.m2\repository\org\springframework\boot\spring-boot\2.0.0.RELEASE\spring-boot-2.0.0.RELEASE.jar;C:\Users\alex.jimenez\.m2\repository\org\springframework\boot\spring-boot-autoconfigure\2.0.0.RELEASE\spring-boot-autoconfigure-2.0.0.RELEASE.jar;C:\Users\alex.jimenez\.m2\repository\org\springframework\boot\spring-boot-starter-logging\2.0.0.RELEASE\spring-boot-starter-logging-2.0.0.RELEASE.jar;C:\Users\alex.jimenez\.m2\repository\ch\qos\logback\logback-classic\1.2.3\logback-classic-1.2.3.jar;C:\Users\alex.jimenez\.m2\repository\ch\qos\logback\logback-core\1.2.3\logback-core-1.2.3.jar;C:\Users\alex.jimenez\.m2\repository\org\apache\logging\log4j\log4j-to-slf4j\2.10.0\log4j-to-slf4j-2.10.0.jar;C:\Users\alex.jimenez\.m2\repository\org\apache\logging\log4j\log4j-api\2.10.0\log4j-api-2.10.0.jar;C:\Users\alex.jimenez\.m2\repository\org\slf4j\jul-to-slf4j\1.7.25\jul-to-slf4j-1.7.25.jar;C:\Users\alex.jimenez\.m2\repository\javax\annotation\javax.annotation-api\1.3.2\javax.annotation-api-1.3.2.jar;C:\Users\alex.jimenez\.m2\repository\org\yaml\snakeyaml\1.19\snakeyaml-1.19.jar;C:\Users\alex.jimenez\.m2\repository\org\springframework\boot\spring-boot-starter-json\2.0.0.RELEASE\spring-boot-starter-json-2.0.0.RELEASE.jar;C:\Users\alex.jimenez\.m2\repository\com\fasterxml\jackson\core\jackson-databind\2.9.4\jackson-databind-2.9.4.jar;C:\Users\alex.jimenez\.m2\repository\com\fasterxml\jackson\core\jackson-core\2.9.4\jackson-core-2.9.4.jar;C:\Users\alex.jimenez\.m2\repository\com\fasterxml\jackson\datatype\jackson-datatype-jdk8\2.9.4\jackson-datatype-jdk8-2.9.4.jar;C:\Users\alex.jimenez\.m2\repository\com\fasterxml\jackson\datatype\jackson-datatype-jsr310\2.9.4\jackson-datatype-jsr310-2.9.4.jar;C:\Users\alex.jimenez\.m2\repository\com\fasterxml\jackson\module\jackson-module-parameter-names\2.9.4\jackson-module-parameter-names-2.9.4.jar;C:\Users\alex.jimenez\.m2\repository\org\springframework\boot\spring-boot-starter-tomcat\2.0.0.RELEASE\spring-boot-starter-tomcat-2.0.0.RELEASE.jar;C:\Users\alex.jimenez\.m2\repository\org\apache\tomcat\embed\tomcat-embed-core\8.5.28\tomcat-embed-core-8.5.28.jar;C:\Users\alex.jimenez\.m2\repository\org\apache\tomcat\embed\tomcat-embed-el\8.5.28\tomcat-embed-el-8.5.28.jar;C:\Users\alex.jimenez\.m2\repository\org\apache\tomcat\embed\tomcat-embed-websocket\8.5.28\tomcat-embed-websocket-8.5.28.jar;C:\Users\alex.jimenez\.m2\repository\org\hibernate\validator\hibernate-validator\6.0.7.Final\hibernate-validator-6.0.7.Final.jar;C:\Users\alex.jimenez\.m2\repository\javax\validation\validation-api\2.0.1.Final\validation-api-2.0.1.Final.jar;C:\Users\alex.jimenez\.m2\repository\org\jboss\logging\jboss-logging\3.3.2.Final\jboss-logging-3.3.2.Final.jar;C:\Users\alex.jimenez\.m2\repository\org\springframework\spring-web\5.0.4.RELEASE\spring-web-5.0.4.RELEASE.jar;C:\Users\alex.jimenez\.m2\repository\org\springframework\spring-beans\5.0.4.RELEASE\spring-beans-5.0.4.RELEASE.jar;C:\Users\alex.jimenez\.m2\repository\org\springframework\spring-webmvc\5.0.4.RELEASE\spring-webmvc-5.0.4.RELEASE.jar;C:\Users\alex.jimenez\.m2\repository\org\springframework\spring-aop\5.0.4.RELEASE\spring-aop-5.0.4.RELEASE.jar;C:\Users\alex.jimenez\.m2\repository\org\springframework\spring-expression\5.0.4.RELEASE\spring-expression-5.0.4.RELEASE.jar;C:\Users\alex.jimenez\.m2\repository\org\springframework\boot\spring-boot-starter-test\2.0.0.RELEASE\spring-boot-starter-test-2.0.0.RELEASE.jar;C:\Users\alex.jimenez\.m2\repository\org\springframework\boot\spring-boot-test\2.0.0.RELEASE\spring-boot-test-2.0.0.RELEASE.jar;C:\Users\alex.jimenez\.m2\repository\org\springframework\boot\spring-boot-test-autoconfigure\2.0.0.RELEASE\spring-boot-test-autoconfigure-2.0.0.RELEASE.jar;C:\Users\alex.jimenez\.m2\repository\com\jayway\jsonpath\json-path\2.4.0\json-path-2.4.0.jar;C:\Users\alex.jimenez\.m2\repository\net\minidev\json-smart\2.3\json-smart-2.3.jar;C:\Users\alex.jimenez\.m2\repository\net\minidev\accessors-smart\1.2\accessors-smart-1.2.jar;C:\Users\alex.jimenez\.m2\repository\org\ow2\asm\asm\5.0.4\asm-5.0.4.jar;C:\Users\alex.jimenez\.m2\repository\junit\junit\4.12\junit-4.12.jar;C:\Users\alex.jimenez\.m2\repository\org\assertj\assertj-core\3.9.1\assertj-core-3.9.1.jar;C:\Users\alex.jimenez\.m2\repository\org\mockito\mockito-core\2.15.0\mockito-core-2.15.0.jar;C:\Users\alex.jimenez\.m2\repository\net\bytebuddy\byte-buddy\1.7.10\byte-buddy-1.7.10.jar;C:\Users\alex.jimenez\.m2\repository\net\bytebuddy\byte-buddy-agent\1.7.10\byte-buddy-agent-1.7.10.jar;C:\Users\alex.jimenez\.m2\repository\org\objenesis\objenesis\2.6\objenesis-2.6.jar;C:\Users\alex.jimenez\.m2\repository\org\hamcrest\hamcrest-core\1.3\hamcrest-core-1.3.jar;C:\Users\alex.jimenez\.m2\repository\org\hamcrest\hamcrest-library\1.3\hamcrest-library-1.3.jar;C:\Users\alex.jimenez\.m2\repository\org\skyscreamer\jsonassert\1.5.0\jsonassert-1.5.0.jar;C:\Users\alex.jimenez\.m2\repository\com\vaadin\external\google\android-json\0.0.20131108.vaadin1\android-json-0.0.20131108.vaadin1.jar;C:\Users\alex.jimenez\.m2\repository\org\springframework\spring-core\5.0.4.RELEASE\spring-core-5.0.4.RELEASE.jar;C:\Users\alex.jimenez\.m2\repository\org\springframework\spring-jcl\5.0.4.RELEASE\spring-jcl-5.0.4.RELEASE.jar;C:\Users\alex.jimenez\.m2\repository\org\springframework\spring-test\5.0.4.RELEASE\spring-test-5.0.4.RELEASE.jar;C:\Users\alex.jimenez\.m2\repository\org\xmlunit\xmlunit-core\2.5.1\xmlunit-core-2.5.1.jar;C:\Users\alex.jimenez\.m2\repository\io\springfox\springfox-swagger2\2.8.0\springfox-swagger2-2.8.0.jar;C:\Users\alex.jimenez\.m2\repository\io\swagger\swagger-annotations\1.5.14\swagger-annotations-1.5.14.jar;C:\Users\alex.jimenez\.m2\repository\io\swagger\swagger-models\1.5.14\swagger-models-1.5.14.jar;C:\Users\alex.jimenez\.m2\repository\com\fasterxml\jackson\core\jackson-annotations\2.9.0\jackson-annotations-2.9.0.jar;C:\Users\alex.jimenez\.m2\repository\io\springfox\springfox-spi\2.8.0\springfox-spi-2.8.0.jar;C:\Users\alex.jimenez\.m2\repository\io\springfox\springfox-core\2.8.0\springfox-core-2.8.0.jar;C:\Users\alex.jimenez\.m2\repository\io\springfox\springfox-schema\2.8.0\springfox-schema-2.8.0.jar;C:\Users\alex.jimenez\.m2\repository\io\springfox\springfox-swagger-common\2.8.0\springfox-swagger-common-2.8.0.jar;C:\Users\alex.jimenez\.m2\repository\io\springfox\springfox-spring-web\2.8.0\springfox-spring-web-2.8.0.jar;C:\Users\alex.jimenez\.m2\repository\org\reflections\reflections\0.9.11\reflections-0.9.11.jar;C:\Users\alex.jimenez\.m2\repository\org\javassist\javassist\3.21.0-GA\javassist-3.21.0-GA.jar;C:\Users\alex.jimenez\.m2\repository\com\google\guava\guava\20.0\guava-20.0.jar;C:\Users\alex.jimenez\.m2\repository\com\fasterxml\classmate\1.3.4\classmate-1.3.4.jar;C:\Users\alex.jimenez\.m2\repository\org\slf4j\slf4j-api\1.7.25\slf4j-api-1.7.25.jar;C:\Users\alex.jimenez\.m2\repository\org\springframework\plugin\spring-plugin-core\1.2.0.RELEASE\spring-plugin-core-1.2.0.RELEASE.jar;C:\Users\alex.jimenez\.m2\repository\org\springframework\plugin\spring-plugin-metadata\1.2.0.RELEASE\spring-plugin-metadata-1.2.0.RELEASE.jar;C:\Users\alex.jimenez\.m2\repository\org\mapstruct\mapstruct\1.2.0.Final\mapstruct-1.2.0.Final.jar;C:\Users\alex.jimenez\.m2\repository\io\springfox\springfox-swagger-ui\2.8.0\springfox-swagger-ui-2.8.0.jar;C:\Users\alex.jimenez\.m2\repository\org\springframework\boot\spring-boot-starter-cache\2.0.0.RELEASE\spring-boot-starter-cache-2.0.0.RELEASE.jar;C:\Users\alex.jimenez\.m2\repository\org\springframework\spring-context\5.0.4.RELEASE\spring-context-5.0.4.RELEASE.jar;C:\Users\alex.jimenez\.m2\repository\org\springframework\spring-context-support\5.0.4.RELEASE\spring-context-support-5.0.4.RELEASE.jar;C:\Users\alex.jimenez\.m2\repository\org\junit\jupiter\junit-jupiter\5.10.0-M1\junit-jupiter-5.10.0-M1.jar;C:\Users\alex.jimenez\.m2\repository\org\junit\jupiter\junit-jupiter-api\5.1.0\junit-jupiter-api-5.1.0.jar;C:\Users\alex.jimenez\.m2\repository\org\apiguardian\apiguardian-api\1.0.0\apiguardian-api-1.0.0.jar;C:\Users\alex.jimenez\.m2\repository\org\opentest4j\opentest4j\1.0.0\opentest4j-1.0.0.jar;C:\Users\alex.jimenez\.m2\repository\org\junit\platform\junit-platform-commons\1.1.0\junit-platform-commons-1.1.0.jar;C:\Users\alex.jimenez\.m2\repository\org\junit\jupiter\junit-jupiter-params\5.10.0-M1\junit-jupiter-params-5.10.0-M1.jar;C:\Users\alex.jimenez\.m2\repository\org\junit\jupiter\junit-jupiter-engine\5.1.0\junit-jupiter-engine-5.1.0.jar;C:\Users\alex.jimenez\.m2\repository\org\junit\platform\junit-platform-engine\1.1.0\junit-platform-engine-1.1.0.jar;, java.specification.name=Java Platform API Specification, java.class.version=52.0, sun.management.compiler=HotSpot 64-Bit Tiered Compilers, os.version=10.0, user.home=C:\Users\alex.jimenez, user.timezone=Europe/Paris, java.awt.printerjob=sun.awt.windows.WPrinterJob, file.encoding=Cp1252, java.specification.version=1.8, java.class.path=C:\Users\alex.jimenez\Documents\Git\testdemo\target\test-classes;C:\Users\alex.jimenez\Documents\Git\testdemo\target\classes;C:\Users\alex.jimenez\.m2\repository\org\springframework\boot\spring-boot-starter-web\2.0.0.RELEASE\spring-boot-starter-web-2.0.0.RELEASE.jar;C:\Users\alex.jimenez\.m2\repository\org\springframework\boot\spring-boot-starter\2.0.0.RELEASE\spring-boot-starter-2.0.0.RELEASE.jar;C:\Users\alex.jimenez\.m2\repository\org\springframework\boot\spring-boot\2.0.0.RELEASE\spring-boot-2.0.0.RELEASE.jar;C:\Users\alex.jimenez\.m2\repository\org\springframework\boot\spring-boot-autoconfigure\2.0.0.RELEASE\spring-boot-autoconfigure-2.0.0.RELEASE.jar;C:\Users\alex.jimenez\.m2\repository\org\springframework\boot\spring-boot-starter-logging\2.0.0.RELEASE\spring-boot-starter-logging-2.0.0.RELEASE.jar;C:\Users\alex.jimenez\.m2\repository\ch\qos\logback\logback-classic\1.2.3\logback-classic-1.2.3.jar;C:\Users\alex.jimenez\.m2\repository\ch\qos\logback\logback-core\1.2.3\logback-core-1.2.3.jar;C:\Users\alex.jimenez\.m2\repository\org\apache\logging\log4j\log4j-to-slf4j\2.10.0\log4j-to-slf4j-2.10.0.jar;C:\Users\alex.jimenez\.m2\repository\org\apache\logging\log4j\log4j-api\2.10.0\log4j-api-2.10.0.jar;C:\Users\alex.jimenez\.m2\repository\org\slf4j\jul-to-slf4j\1.7.25\jul-to-slf4j-1.7.25.jar;C:\Users\alex.jimenez\.m2\repository\javax\annotation\javax.annotation-api\1.3.2\javax.annotation-api-1.3.2.jar;C:\Users\alex.jimenez\.m2\repository\org\yaml\snakeyaml\1.19\snakeyaml-1.19.jar;C:\Users\alex.jimenez\.m2\repository\org\springframework\boot\spring-boot-starter-json\2.0.0.RELEASE\spring-boot-starter-json-2.0.0.RELEASE.jar;C:\Users\alex.jimenez\.m2\repository\com\fasterxml\jackson\core\jackson-databind\2.9.4\jackson-databind-2.9.4.jar;C:\Users\alex.jimenez\.m2\repository\com\fasterxml\jackson\core\jackson-core\2.9.4\jackson-core-2.9.4.jar;C:\Users\alex.jimenez\.m2\repository\com\fasterxml\jackson\datatype\jackson-datatype-jdk8\2.9.4\jackson-datatype-jdk8-2.9.4.jar;C:\Users\alex.jimenez\.m2\repository\com\fasterxml\jackson\datatype\jackson-datatype-jsr310\2.9.4\jackson-datatype-jsr310-2.9.4.jar;C:\Users\alex.jimenez\.m2\repository\com\fasterxml\jackson\module\jackson-module-parameter-names\2.9.4\jackson-module-parameter-names-2.9.4.jar;C:\Users\alex.jimenez\.m2\repository\org\springframework\boot\spring-boot-starter-tomcat\2.0.0.RELEASE\spring-boot-starter-tomcat-2.0.0.RELEASE.jar;C:\Users\alex.jimenez\.m2\repository\org\apache\tomcat\embed\tomcat-embed-core\8.5.28\tomcat-embed-core-8.5.28.jar;C:\Users\alex.jimenez\.m2\repository\org\apache\tomcat\embed\tomcat-embed-el\8.5.28\tomcat-embed-el-8.5.28.jar;C:\Users\alex.jimenez\.m2\repository\org\apache\tomcat\embed\tomcat-embed-websocket\8.5.28\tomcat-embed-websocket-8.5.28.jar;C:\Users\alex.jimenez\.m2\repository\org\hibernate\validator\hibernate-validator\6.0.7.Final\hibernate-validator-6.0.7.Final.jar;C:\Users\alex.jimenez\.m2\repository\javax\validation\validation-api\2.0.1.Final\validation-api-2.0.1.Final.jar;C:\Users\alex.jimenez\.m2\repository\org\jboss\logging\jboss-logging\3.3.2.Final\jboss-logging-3.3.2.Final.jar;C:\Users\alex.jimenez\.m2\repository\org\springframework\spring-web\5.0.4.RELEASE\spring-web-5.0.4.RELEASE.jar;C:\Users\alex.jimenez\.m2\repository\org\springframework\spring-beans\5.0.4.RELEASE\spring-beans-5.0.4.RELEASE.jar;C:\Users\alex.jimenez\.m2\repository\org\springframework\spring-webmvc\5.0.4.RELEASE\spring-webmvc-5.0.4.RELEASE.jar;C:\Users\alex.jimenez\.m2\repository\org\springframework\spring-aop\5.0.4.RELEASE\spring-aop-5.0.4.RELEASE.jar;C:\Users\alex.jimenez\.m2\repository\org\springframework\spring-expression\5.0.4.RELEASE\spring-expression-5.0.4.RELEASE.jar;C:\Users\alex.jimenez\.m2\repository\org\springframework\boot\spring-boot-starter-test\2.0.0.RELEASE\spring-boot-starter-test-2.0.0.RELEASE.jar;C:\Users\alex.jimenez\.m2\repository\org\springframework\boot\spring-boot-test\2.0.0.RELEASE\spring-boot-test-2.0.0.RELEASE.jar;C:\Users\alex.jimenez\.m2\repository\org\springframework\boot\spring-boot-test-autoconfigure\2.0.0.RELEASE\spring-boot-test-autoconfigure-2.0.0.RELEASE.jar;C:\Users\alex.jimenez\.m2\repository\com\jayway\jsonpath\json-path\2.4.0\json-path-2.4.0.jar;C:\Users\alex.jimenez\.m2\repository\net\minidev\json-smart\2.3\json-smart-2.3.jar;C:\Users\alex.jimenez\.m2\repository\net\minidev\accessors-smart\1.2\accessors-smart-1.2.jar;C:\Users\alex.jimenez\.m2\repository\org\ow2\asm\asm\5.0.4\asm-5.0.4.jar;C:\Users\alex.jimenez\.m2\repository\junit\junit\4.12\junit-4.12.jar;C:\Users\alex.jimenez\.m2\repository\org\assertj\assertj-core\3.9.1\assertj-core-3.9.1.jar;C:\Users\alex.jimenez\.m2\repository\org\mockito\mockito-core\2.15.0\mockito-core-2.15.0.jar;C:\Users\alex.jimenez\.m2\repository\net\bytebuddy\byte-buddy\1.7.10\byte-buddy-1.7.10.jar;C:\Users\alex.jimenez\.m2\repository\net\bytebuddy\byte-buddy-agent\1.7.10\byte-buddy-agent-1.7.10.jar;C:\Users\alex.jimenez\.m2\repository\org\objenesis\objenesis\2.6\objenesis-2.6.jar;C:\Users\alex.jimenez\.m2\repository\org\hamcrest\hamcrest-core\1.3\hamcrest-core-1.3.jar;C:\Users\alex.jimenez\.m2\repository\org\hamcrest\hamcrest-library\1.3\hamcrest-library-1.3.jar;C:\Users\alex.jimenez\.m2\repository\org\skyscreamer\jsonassert\1.5.0\jsonassert-1.5.0.jar;C:\Users\alex.jimenez\.m2\repository\com\vaadin\external\google\android-json\0.0.20131108.vaadin1\android-json-0.0.20131108.vaadin1.jar;C:\Users\alex.jimenez\.m2\repository\org\springframework\spring-core\5.0.4.RELEASE\spring-core-5.0.4.RELEASE.jar;C:\Users\alex.jimenez\.m2\repository\org\springframework\spring-jcl\5.0.4.RELEASE\spring-jcl-5.0.4.RELEASE.jar;C:\Users\alex.jimenez\.m2\repository\org\springframework\spring-test\5.0.4.RELEASE\spring-test-5.0.4.RELEASE.jar;C:\Users\alex.jimenez\.m2\repository\org\xmlunit\xmlunit-core\2.5.1\xmlunit-core-2.5.1.jar;C:\Users\alex.jimenez\.m2\repository\io\springfox\springfox-swagger2\2.8.0\springfox-swagger2-2.8.0.jar;C:\Users\alex.jimenez\.m2\repository\io\swagger\swagger-annotations\1.5.14\swagger-annotations-1.5.14.jar;C:\Users\alex.jimenez\.m2\repository\io\swagger\swagger-models\1.5.14\swagger-models-1.5.14.jar;C:\Users\alex.jimenez\.m2\repository\com\fasterxml\jackson\core\jackson-annotations\2.9.0\jackson-annotations-2.9.0.jar;C:\Users\alex.jimenez\.m2\repository\io\springfox\springfox-spi\2.8.0\springfox-spi-2.8.0.jar;C:\Users\alex.jimenez\.m2\repository\io\springfox\springfox-core\2.8.0\springfox-core-2.8.0.jar;C:\Users\alex.jimenez\.m2\repository\io\springfox\springfox-schema\2.8.0\springfox-schema-2.8.0.jar;C:\Users\alex.jimenez\.m2\repository\io\springfox\springfox-swagger-common\2.8.0\springfox-swagger-common-2.8.0.jar;C:\Users\alex.jimenez\.m2\repository\io\springfox\springfox-spring-web\2.8.0\springfox-spring-web-2.8.0.jar;C:\Users\alex.jimenez\.m2\repository\org\reflections\reflections\0.9.11\reflections-0.9.11.jar;C:\Users\alex.jimenez\.m2\repository\org\javassist\javassist\3.21.0-GA\javassist-3.21.0-GA.jar;C:\Users\alex.jimenez\.m2\repository\com\google\guava\guava\20.0\guava-20.0.jar;C:\Users\alex.jimenez\.m2\repository\com\fasterxml\classmate\1.3.4\classmate-1.3.4.jar;C:\Users\alex.jimenez\.m2\repository\org\slf4j\slf4j-api\1.7.25\slf4j-api-1.7.25.jar;C:\Users\alex.jimenez\.m2\repository\org\springframework\plugin\spring-plugin-core\1.2.0.RELEASE\spring-plugin-core-1.2.0.RELEASE.jar;C:\Users\alex.jimenez\.m2\repository\org\springframework\plugin\spring-plugin-metadata\1.2.0.RELEASE\spring-plugin-metadata-1.2.0.RELEASE.jar;C:\Users\alex.jimenez\.m2\repository\org\mapstruct\mapstruct\1.2.0.Final\mapstruct-1.2.0.Final.jar;C:\Users\alex.jimenez\.m2\repository\io\springfox\springfox-swagger-ui\2.8.0\springfox-swagger-ui-2.8.0.jar;C:\Users\alex.jimenez\.m2\repository\org\springframework\boot\spring-boot-starter-cache\2.0.0.RELEASE\spring-boot-starter-cache-2.0.0.RELEASE.jar;C:\Users\alex.jimenez\.m2\repository\org\springframework\spring-context\5.0.4.RELEASE\spring-context-5.0.4.RELEASE.jar;C:\Users\alex.jimenez\.m2\repository\org\springframework\spring-context-support\5.0.4.RELEASE\spring-context-support-5.0.4.RELEASE.jar;C:\Users\alex.jimenez\.m2\repository\org\junit\jupiter\junit-jupiter\5.10.0-M1\junit-jupiter-5.10.0-M1.jar;C:\Users\alex.jimenez\.m2\repository\org\junit\jupiter\junit-jupiter-api\5.1.0\junit-jupiter-api-5.1.0.jar;C:\Users\alex.jimenez\.m2\repository\org\apiguardian\apiguardian-api\1.0.0\apiguardian-api-1.0.0.jar;C:\Users\alex.jimenez\.m2\repository\org\opentest4j\opentest4j\1.0.0\opentest4j-1.0.0.jar;C:\Users\alex.jimenez\.m2\repository\org\junit\platform\junit-platform-commons\1.1.0\junit-platform-commons-1.1.0.jar;C:\Users\alex.jimenez\.m2\repository\org\junit\jupiter\junit-jupiter-params\5.10.0-M1\junit-jupiter-params-5.10.0-M1.jar;C:\Users\alex.jimenez\.m2\repository\org\junit\jupiter\junit-jupiter-engine\5.1.0\junit-jupiter-engine-5.1.0.jar;C:\Users\alex.jimenez\.m2\repository\org\junit\platform\junit-platform-engine\1.1.0\junit-platform-engine-1.1.0.jar;, user.name=alex.jimenez, java.vm.specification.version=1.8, sun.java.command=C:\Users\ALEX~1.JIM\AppData\Local\Temp\surefire3158083978730901493\surefirebooter5150970476560550058.jar C:\Users\alex.jimenez\AppData\Local\Temp\surefire3158083978730901493 2023-06-13T20-39-39_555-jvmRun1 surefire5286146919696552971tmp surefire_0869963622763479253tmp, java.home=C:\Program Files\Java\jdk1.8.0_202\jre, sun.arch.data.model=64, user.language=en, java.specification.vendor=Oracle Corporation, awt.toolkit=sun.awt.windows.WToolkit, java.vm.info=mixed mode, java.version=1.8.0_202, java.ext.dirs=C:\Program Files\Java\jdk1.8.0_202\jre\lib\ext;C:\Windows\Sun\Java\lib\ext, sun.boot.class.path=C:\Program Files\Java\jdk1.8.0_202\jre\lib\resources.jar;C:\Program Files\Java\jdk1.8.0_202\jre\lib\rt.jar;C:\Program Files\Java\jdk1.8.0_202\jre\lib\sunrsasign.jar;C:\Program Files\Java\jdk1.8.0_202\jre\lib\jsse.jar;C:\Program Files\Java\jdk1.8.0_202\jre\lib\jce.jar;C:\Program Files\Java\jdk1.8.0_202\jre\lib\charsets.jar;C:\Program Files\Java\jdk1.8.0_202\jre\lib\jfr.jar;C:\Program Files\Java\jdk1.8.0_202\jre\classes, java.vendor=Oracle Corporation, localRepository=C:\Users\alex.jimenez\.m2\repository, file.separator=\, java.vendor.url.bug=http://bugreport.sun.com/bugreport/, sun.io.unicode.encoding=UnicodeLittle, sun.cpu.endian=little, sun.desktop=windows, sun.cpu.isalist=amd64}}, SystemEnvironmentPropertySource@198099809 {name='systemEnvironment', properties={PATH=C:\Program Files\Common Files\Oracle\Java\javapath;C:\Program Files (x86)\Common Files\Oracle\Java\javapath;C:\Windows\system32;C:\Windows;C:\Windows\System32\Wbem;C:\Windows\System32\WindowsPowerShell\v1.0\;C:\Windows\System32\OpenSSH\;C:\Program Files\dotnet\;C:\Program Files\Git\cmd;C:\Program Files\apache-maven-3.8.6\bin;C:\Program Files\Java\jdk1.8.0_202\bin;C:\Program Files\PuTTY\;C:\Program Files\nodejs\;C:\Program Files\Docker\Docker\resources\bin;C:\Users\alex.jimenez\AppData\Local\Microsoft\WindowsApps;C:\Program Files\JetBrains\IntelliJ IDEA 2022.2.2\bin;;C:\Users\alex.jimenez\AppData\Local\Programs\Microsoft VS Code\bin;C:\Program Files\apache-maven-3.8.6\bin;C:\Program Files\Java\jdk1.8.0_202\bin;C:\Users\alex.jimenez\AppData\Roaming\npm;C:\Program Files\JetBrains\IntelliJ IDEA Community Edition 2023.1.2\bin;, USERDOMAIN_ROAMINGPROFILE=VILT, PROCESSOR_LEVEL=6, SYSTEMDRIVE=C:, SESSIONNAME=Console, ALLUSERSPROFILE=C:\ProgramData, PROCESSOR_ARCHITECTURE=AMD64, FIG_JETBRAINS_SHELL_INTEGRATION=1, DRIVERDATA=C:\Windows\System32\Drivers\DriverData, MAVEN_HOME=C:\Program Files\apache-maven-3.8.6, PROGRAMFILES=C:\Program Files, PSMODULEPATH=C:\Users\alex.jimenez\Documents\WindowsPowerShell\Modules;C:\Program Files\WindowsPowerShell\Modules;C:\Windows\system32\WindowsPowerShell\v1.0\Modules, PROGRAMDATA=C:\ProgramData, USERNAME=alex.jimenez, USERDNSDOMAIN=VILT.LOCAL, WDIR=C:\Users\alex.jimenez\Documents\Git\testdemo, ONEDRIVE=C:\Users\alex.jimenez\OneDrive, PATHEXT=.COM;.EXE;.BAT;.CMD;.VBS;.VBE;.JS;.JSE;.WSF;.WSH;.MSC;.CPL, ONEDRIVECONSUMER=C:\Users\alex.jimenez\OneDrive, CLASSWORLDS_JAR="C:\Program Files\apache-maven-3.8.6\boot\plexus-classworlds-2.6.0.jar", WINDIR=C:\Windows, HOMEPATH=\Users\alex.jimenez, TERM_SESSION_ID=98a895d4-8220-46ab-8963-ef8b52f40652, ESET_OPTIONS=                                                                                                                                                                                                                                                                                                                                                                                                                                                                                                                               , PROCESSOR_IDENTIFIER=Intel64 Family 6 Model 154 Stepping 4, GenuineIntel, PUBLIC=C:\Users\Public, ZES_ENABLE_SYSMAN=1, LOCALAPPDATA=C:\Users\alex.jimenez\AppData\Local, COMMONPROGRAMFILES(X86)=C:\Program Files (x86)\Common Files, USERDOMAIN=VILT, LOGONSERVER=\\MARS1, JAVA_HOME=C:\Program Files\Java\jdk1.8.0_202, PROMPT=$P$G, PROGRAMFILES(X86)=C:\Program Files (x86), ERROR_CODE=0, EXEC_DIR=C:\Users\alex.jimenez\Documents\Git\testdemo, INTELLIJ IDEA=C:\Program Files\JetBrains\IntelliJ IDEA 2022.2.2\bin;, =C:=C:\Users\alex.jimenez\Documents\Git\testdemo, APPDATA=C:\Users\alex.jimenez\AppData\Roaming, PROGRAMW6432=C:\Program Files, SYSTEMROOT=C:\Windows, MAVEN_CMD_LINE_ARGS=clean install, OS=Windows_NT, COMMONPROGRAMW6432=C:\Program Files\Common Files, COMPUTERNAME=CJCWPL3, INTELLIJ IDEA COMMUNITY EDITION=C:\Program Files\JetBrains\IntelliJ IDEA Community Edition 2023.1.2\bin;, COMMONPROGRAMFILES=C:\Program Files\Common Files, COMSPEC=C:\Windows\system32\cmd.exe, JAVACMD=C:\Program Files\Java\jdk1.8.0_202\bin\java.exe, MAVEN_PROJECTBASEDIR=C:\Users\alex.jimenez\Documents\Git\testdemo, PROCESSOR_REVISION=9a04, CLASSWORLDS_LAUNCHER=org.codehaus.plexus.classworlds.launcher.Launcher, TERMINAL_EMULATOR=JetBrains-JediTerm, TEMP=C:\Users\ALEX~1.JIM\AppData\Local\Temp, HOMEDRIVE=C:, USERPROFILE=C:\Users\alex.jimenez, TMP=C:\Users\ALEX~1.JIM\AppData\Local\Temp, NUMBER_OF_PROCESSORS=12, JVMCONFIG=\.mvn\jvm.config, IDEA_INITIAL_DIRECTORY=C:\Windows\system32}}]
20:39:40.281 [main] ERROR org.springframework.test.context.TestContextManager - Caught exception while allowing TestExecutionListener [org.springframework.test.context.web.ServletTestExecutionListener@35d019a3] to prepare test instance [com.alextestdemo.testdemo.RelatedProductsControllerIntegrationTest@7a8c8dcf]
java.lang.IllegalStateException: Failed to load ApplicationContext
	at org.springframework.test.context.cache.DefaultCacheAwareContextLoaderDelegate.loadContext(DefaultCacheAwareContextLoaderDelegate.java:125)
	at org.springframework.test.context.support.DefaultTestContext.getApplicationContext(DefaultTestContext.java:107)
	at org.springframework.test.context.web.ServletTestExecutionListener.setUpRequestContextIfNecessary(ServletTestExecutionListener.java:190)
	at org.springframework.test.context.web.ServletTestExecutionListener.prepareTestInstance(ServletTestExecutionListener.java:132)
	at org.springframework.test.context.TestContextManager.prepareTestInstance(TestContextManager.java:242)
	at org.springframework.test.context.junit4.SpringJUnit4ClassRunner.createTest(SpringJUnit4ClassRunner.java:227)
	at org.springframework.test.context.junit4.SpringJUnit4ClassRunner$1.runReflectiveCall(SpringJUnit4ClassRunner.java:289)
	at org.junit.internal.runners.model.ReflectiveCallable.run(ReflectiveCallable.java:12)
	at org.springframework.test.context.junit4.SpringJUnit4ClassRunner.methodBlock(SpringJUnit4ClassRunner.java:291)
	at org.springframework.test.context.junit4.SpringJUnit4ClassRunner.runChild(SpringJUnit4ClassRunner.java:246)
	at org.springframework.test.context.junit4.SpringJUnit4ClassRunner.runChild(SpringJUnit4ClassRunner.java:97)
	at org.junit.runners.ParentRunner$3.run(ParentRunner.java:290)
	at org.junit.runners.ParentRunner$1.schedule(ParentRunner.java:71)
	at org.junit.runners.ParentRunner.runChildren(ParentRunner.java:288)
	at org.junit.runners.ParentRunner.access$000(ParentRunner.java:58)
	at org.junit.runners.ParentRunner$2.evaluate(ParentRunner.java:268)
	at org.springframework.test.context.junit4.statements.RunBeforeTestClassCallbacks.evaluate(RunBeforeTestClassCallbacks.java:61)
	at org.springframework.test.context.junit4.statements.RunAfterTestClassCallbacks.evaluate(RunAfterTestClassCallbacks.java:70)
	at org.junit.runners.ParentRunner.run(ParentRunner.java:363)
	at org.springframework.test.context.junit4.SpringJUnit4ClassRunner.run(SpringJUnit4ClassRunner.java:190)
	at org.apache.maven.surefire.junit4.JUnit4Provider.execute(JUnit4Provider.java:369)
	at org.apache.maven.surefire.junit4.JUnit4Provider.executeWithRerun(JUnit4Provider.java:275)
	at org.apache.maven.surefire.junit4.JUnit4Provider.executeTestSet(JUnit4Provider.java:239)
	at org.apache.maven.surefire.junit4.JUnit4Provider.invoke(JUnit4Provider.java:160)
	at org.apache.maven.surefire.booter.ForkedBooter.invokeProviderInSameClassLoader(ForkedBooter.java:373)
	at org.apache.maven.surefire.booter.ForkedBooter.runSuitesInProcess(ForkedBooter.java:334)
	at org.apache.maven.surefire.booter.ForkedBooter.execute(ForkedBooter.java:119)
	at org.apache.maven.surefire.booter.ForkedBooter.main(ForkedBooter.java:407)
Caused by: java.lang.IllegalStateException: Failed to add PropertySource to Environment
	at org.springframework.test.context.support.TestPropertySourceUtils.addPropertiesFilesToEnvironment(TestPropertySourceUtils.java:200)
	at org.springframework.boot.test.context.SpringBootContextLoader.loadContext(SpringBootContextLoader.java:112)
	at org.springframework.test.context.cache.DefaultCacheAwareContextLoaderDelegate.loadContextInternal(DefaultCacheAwareContextLoaderDelegate.java:99)
	at org.springframework.test.context.cache.DefaultCacheAwareContextLoaderDelegate.loadContext(DefaultCacheAwareContextLoaderDelegate.java:117)
	... 27 common frames omitted
Caused by: java.io.FileNotFoundException: class path resource [application-integrationtest.properties] cannot be opened because it does not exist
	at org.springframework.core.io.ClassPathResource.getInputStream(ClassPathResource.java:180)
	at org.springframework.core.io.support.EncodedResource.getInputStream(EncodedResource.java:159)
	at org.springframework.core.io.support.PropertiesLoaderUtils.fillProperties(PropertiesLoaderUtils.java:99)
	at org.springframework.core.io.support.PropertiesLoaderUtils.fillProperties(PropertiesLoaderUtils.java:73)
	at org.springframework.core.io.support.PropertiesLoaderUtils.loadProperties(PropertiesLoaderUtils.java:59)
	at org.springframework.core.io.support.ResourcePropertySource.<init>(ResourcePropertySource.java:86)
	at org.springframework.test.context.support.TestPropertySourceUtils.addPropertiesFilesToEnvironment(TestPropertySourceUtils.java:196)
	... 30 common frames omitted
]]></system-out>
  </testcase>
</testsuite>